  main.cpp
C:\Users\ASUS\Desktop\الدرس الرابع\project4\project1\main.cpp(28,1): warning C4566: character represented by universal-character-name '\u0627' cannot be represented in the current code page (1252)
C:\Users\ASUS\Desktop\الدرس الرابع\project4\project1\main.cpp(28,1): warning C4566: character represented by universal-character-name '\u0644' cannot be represented in the current code page (1252)
C:\Users\ASUS\Desktop\الدرس الرابع\project4\project1\main.cpp(28,1): warning C4566: character represented by universal-character-name '\u0648' cannot be represented in the current code page (1252)
C:\Users\ASUS\Desktop\الدرس الرابع\project4\project1\main.cpp(28,1): warning C4566: character represented by universal-character-name '\u0642' cannot be represented in the current code page (1252)
C:\Users\ASUS\Desktop\الدرس الرابع\project4\project1\main.cpp(28,1): warning C4566: character represented by universal-character-name '\u062A' cannot be represented in the current code page (1252)
C:\Users\ASUS\Desktop\الدرس الرابع\project4\project1\main.cpp(28,1): warning C4566: character represented by universal-character-name '\u0645' cannot be represented in the current code page (1252)
C:\Users\ASUS\Desktop\الدرس الرابع\project4\project1\main.cpp(28,1): warning C4566: character represented by universal-character-name '\u0646' cannot be represented in the current code page (1252)
C:\Users\ASUS\Desktop\الدرس الرابع\project4\project1\main.cpp(29,1): warning C4566: character represented by universal-character-name '\u0644' cannot be represented in the current code page (1252)
C:\Users\ASUS\Desktop\الدرس الرابع\project4\project1\main.cpp(29,1): warning C4566: character represented by universal-character-name '\u0648' cannot be represented in the current code page (1252)
C:\Users\ASUS\Desktop\الدرس الرابع\project4\project1\main.cpp(29,1): warning C4566: character represented by universal-character-name '\u0646' cannot be represented in the current code page (1252)
C:\Users\ASUS\Desktop\الدرس الرابع\project4\project1\main.cpp(29,1): warning C4566: character represented by universal-character-name '\u0627' cannot be represented in the current code page (1252)
C:\Users\ASUS\Desktop\الدرس الرابع\project4\project1\main.cpp(29,1): warning C4566: character represented by universal-character-name '\u0625' cannot be represented in the current code page (1252)
C:\Users\ASUS\Desktop\الدرس الرابع\project4\project1\main.cpp(29,1): warning C4566: character represented by universal-character-name '\u0637' cannot be represented in the current code page (1252)
C:\Users\ASUS\Desktop\الدرس الرابع\project4\project1\main.cpp(29,1): warning C4566: character represented by universal-character-name '\u0631' cannot be represented in the current code page (1252)
C:\Users\ASUS\Desktop\الدرس الرابع\project4\project1\main.cpp(30,1): warning C4566: character represented by universal-character-name '\u0642' cannot be represented in the current code page (1252)
C:\Users\ASUS\Desktop\الدرس الرابع\project4\project1\main.cpp(30,1): warning C4566: character represented by universal-character-name '\u064A' cannot be represented in the current code page (1252)
C:\Users\ASUS\Desktop\الدرس الرابع\project4\project1\main.cpp(30,1): warning C4566: character represented by universal-character-name '\u0645' cannot be represented in the current code page (1252)
C:\Users\ASUS\Desktop\الدرس الرابع\project4\project1\main.cpp(30,1): warning C4566: character represented by universal-character-name '\u0629' cannot be represented in the current code page (1252)
C:\Users\ASUS\Desktop\الدرس الرابع\project4\project1\main.cpp(30,1): warning C4566: character represented by universal-character-name '\u0644' cannot be represented in the current code page (1252)
C:\Users\ASUS\Desktop\الدرس الرابع\project4\project1\main.cpp(30,1): warning C4566: character represented by universal-character-name '\u0625' cannot be represented in the current code page (1252)
C:\Users\ASUS\Desktop\الدرس الرابع\project4\project1\main.cpp(30,1): warning C4566: character represented by universal-character-name '\u0637' cannot be represented in the current code page (1252)
C:\Users\ASUS\Desktop\الدرس الرابع\project4\project1\main.cpp(30,1): warning C4566: character represented by universal-character-name '\u0627' cannot be represented in the current code page (1252)
C:\Users\ASUS\Desktop\الدرس الرابع\project4\project1\main.cpp(30,1): warning C4566: character represented by universal-character-name '\u0631' cannot be represented in the current code page (1252)
C:\Users\ASUS\Desktop\الدرس الرابع\project4\project1\main.cpp(30,1): warning C4566: character represented by universal-character-name '\u062A' cannot be represented in the current code page (1252)
C:\Users\ASUS\Desktop\الدرس الرابع\project4\project1\main.cpp(30,1): warning C4566: character represented by universal-character-name '\u0628' cannot be represented in the current code page (1252)
C:\Users\ASUS\Desktop\الدرس الرابع\project4\project1\main.cpp(30,1): warning C4566: character represented by universal-character-name '\u0648' cannot be represented in the current code page (1252)
C:\Users\ASUS\Desktop\الدرس الرابع\project4\project1\main.cpp(30,1): warning C4566: character represented by universal-character-name '\u0639' cannot be represented in the current code page (1252)
C:\Users\ASUS\Desktop\الدرس الرابع\project4\project1\main.cpp(30,1): warning C4566: character represented by universal-character-name '\u062F' cannot be represented in the current code page (1252)
C:\Users\ASUS\Desktop\الدرس الرابع\project4\project1\main.cpp(33,1): warning C4566: character represented by universal-character-name '\u0627' cannot be represented in the current code page (1252)
C:\Users\ASUS\Desktop\الدرس الرابع\project4\project1\main.cpp(33,1): warning C4566: character represented by universal-character-name '\u0644' cannot be represented in the current code page (1252)
C:\Users\ASUS\Desktop\الدرس الرابع\project4\project1\main.cpp(33,1): warning C4566: character represented by universal-character-name '\u0645' cannot be represented in the current code page (1252)
C:\Users\ASUS\Desktop\الدرس الرابع\project4\project1\main.cpp(33,1): warning C4566: character represented by universal-character-name '\u0633' cannot be represented in the current code page (1252)
C:\Users\ASUS\Desktop\الدرس الرابع\project4\project1\main.cpp(33,1): warning C4566: character represented by universal-character-name '\u0641' cannot be represented in the current code page (1252)
C:\Users\ASUS\Desktop\الدرس الرابع\project4\project1\main.cpp(33,1): warning C4566: character represented by universal-character-name '\u0629' cannot be represented in the current code page (1252)
C:\Users\ASUS\Desktop\الدرس الرابع\project4\project1\main.cpp(33,1): warning C4566: character represented by universal-character-name '\u0646' cannot be represented in the current code page (1252)
C:\Users\ASUS\Desktop\الدرس الرابع\project4\project1\main.cpp(33,1): warning C4566: character represented by universal-character-name '\u0631' cannot be represented in the current code page (1252)
C:\Users\ASUS\Desktop\الدرس الرابع\project4\project1\main.cpp(33,1): warning C4566: character represented by universal-character-name '\u0643' cannot be represented in the current code page (1252)
C:\Users\ASUS\Desktop\الدرس الرابع\project4\project1\main.cpp(33,1): warning C4566: character represented by universal-character-name '\u0632' cannot be represented in the current code page (1252)
C:\Users\ASUS\Desktop\الدرس الرابع\project4\project1\main.cpp(36,1): warning C4566: character represented by universal-character-name '\u0625' cannot be represented in the current code page (1252)
C:\Users\ASUS\Desktop\الدرس الرابع\project4\project1\main.cpp(36,1): warning C4566: character represented by universal-character-name '\u0637' cannot be represented in the current code page (1252)
C:\Users\ASUS\Desktop\الدرس الرابع\project4\project1\main.cpp(36,1): warning C4566: character represented by universal-character-name '\u0627' cannot be represented in the current code page (1252)
C:\Users\ASUS\Desktop\الدرس الرابع\project4\project1\main.cpp(36,1): warning C4566: character represented by universal-character-name '\u0631' cannot be represented in the current code page (1252)
C:\Users\ASUS\Desktop\الدرس الرابع\project4\project1\main.cpp(36,1): warning C4566: character represented by universal-character-name '\u062F' cannot be represented in the current code page (1252)
C:\Users\ASUS\Desktop\الدرس الرابع\project4\project1\main.cpp(36,1): warning C4566: character represented by universal-character-name '\u0626' cannot be represented in the current code page (1252)
C:\Users\ASUS\Desktop\الدرس الرابع\project4\project1\main.cpp(36,1): warning C4566: character represented by universal-character-name '\u064A' cannot be represented in the current code page (1252)
C:\Users\ASUS\Desktop\الدرس الرابع\project4\project1\main.cpp(36,1): warning C4566: character represented by universal-character-name '\u0641' cannot be represented in the current code page (1252)
C:\Users\ASUS\Desktop\الدرس الرابع\project4\project1\main.cpp(36,1): warning C4566: character represented by universal-character-name '\u0639' cannot be represented in the current code page (1252)
C:\Users\ASUS\Desktop\الدرس الرابع\project4\project1\main.cpp(36,1): warning C4566: character represented by universal-character-name '\u062C' cannot be represented in the current code page (1252)
C:\Users\ASUS\Desktop\الدرس الرابع\project4\project1\main.cpp(36,1): warning C4566: character represented by universal-character-name '\u064B' cannot be represented in the current code page (1252)
C:\Users\ASUS\Desktop\الدرس الرابع\project4\project1\main.cpp(36,1): warning C4566: character represented by universal-character-name '\u0633' cannot be represented in the current code page (1252)
C:\Users\ASUS\Desktop\الدرس الرابع\project4\project1\main.cpp(36,1): warning C4566: character represented by universal-character-name '\u0645' cannot be represented in the current code page (1252)
C:\Users\ASUS\Desktop\الدرس الرابع\project4\project1\main.cpp(36,1): warning C4566: character represented by universal-character-name '\u0643' cannot be represented in the current code page (1252)
C:\Users\ASUS\Desktop\الدرس الرابع\project4\project1\main.cpp(36,1): warning C4566: character represented by universal-character-name '\u0642' cannot be represented in the current code page (1252)
C:\Users\ASUS\Desktop\الدرس الرابع\project4\project1\main.cpp(38,1): warning C4566: character represented by universal-character-name '\u0623' cannot be represented in the current code page (1252)
C:\Users\ASUS\Desktop\الدرس الرابع\project4\project1\main.cpp(38,1): warning C4566: character represented by universal-character-name '\u0631' cannot be represented in the current code page (1252)
C:\Users\ASUS\Desktop\الدرس الرابع\project4\project1\main.cpp(38,1): warning C4566: character represented by universal-character-name '\u0642' cannot be represented in the current code page (1252)
C:\Users\ASUS\Desktop\الدرس الرابع\project4\project1\main.cpp(38,1): warning C4566: character represented by universal-character-name '\u0645' cannot be represented in the current code page (1252)
C:\Users\ASUS\Desktop\الدرس الرابع\project4\project1\main.cpp(38,1): warning C4566: character represented by universal-character-name '\u0646' cannot be represented in the current code page (1252)
C:\Users\ASUS\Desktop\الدرس الرابع\project4\project1\main.cpp(38,1): warning C4566: character represented by universal-character-name '\u0627' cannot be represented in the current code page (1252)
C:\Users\ASUS\Desktop\الدرس الرابع\project4\project1\main.cpp(38,1): warning C4566: character represented by universal-character-name '\u0644' cannot be represented in the current code page (1252)
C:\Users\ASUS\Desktop\الدرس الرابع\project4\project1\main.cpp(38,1): warning C4566: character represented by universal-character-name '\u0648' cannot be represented in the current code page (1252)
C:\Users\ASUS\Desktop\الدرس الرابع\project4\project1\main.cpp(40,1): warning C4566: character represented by universal-character-name '\u0627' cannot be represented in the current code page (1252)
C:\Users\ASUS\Desktop\الدرس الرابع\project4\project1\main.cpp(40,1): warning C4566: character represented by universal-character-name '\u0644' cannot be represented in the current code page (1252)
C:\Users\ASUS\Desktop\الدرس الرابع\project4\project1\main.cpp(40,1): warning C4566: character represented by universal-character-name '\u0625' cannot be represented in the current code page (1252)
C:\Users\ASUS\Desktop\الدرس الرابع\project4\project1\main.cpp(40,1): warning C4566: character represented by universal-character-name '\u0637' cannot be represented in the current code page (1252)
C:\Users\ASUS\Desktop\الدرس الرابع\project4\project1\main.cpp(40,1): warning C4566: character represented by universal-character-name '\u0631' cannot be represented in the current code page (1252)
C:\Users\ASUS\Desktop\الدرس الرابع\project4\project1\main.cpp(40,1): warning C4566: character represented by universal-character-name '\u062F' cannot be represented in the current code page (1252)
C:\Users\ASUS\Desktop\الدرس الرابع\project4\project1\main.cpp(40,1): warning C4566: character represented by universal-character-name '\u0626' cannot be represented in the current code page (1252)
C:\Users\ASUS\Desktop\الدرس الرابع\project4\project1\main.cpp(40,1): warning C4566: character represented by universal-character-name '\u064A' cannot be represented in the current code page (1252)
C:\Users\ASUS\Desktop\الدرس الرابع\project4\project1\main.cpp(42,1): warning C4566: character represented by universal-character-name '\u062A' cannot be represented in the current code page (1252)
C:\Users\ASUS\Desktop\الدرس الرابع\project4\project1\main.cpp(42,1): warning C4566: character represented by universal-character-name '\u0623' cannot be represented in the current code page (1252)
C:\Users\ASUS\Desktop\الدرس الرابع\project4\project1\main.cpp(42,1): warning C4566: character represented by universal-character-name '\u062B' cannot be represented in the current code page (1252)
C:\Users\ASUS\Desktop\الدرس الرابع\project4\project1\main.cpp(42,1): warning C4566: character represented by universal-character-name '\u064A' cannot be represented in the current code page (1252)
C:\Users\ASUS\Desktop\الدرس الرابع\project4\project1\main.cpp(42,1): warning C4566: character represented by universal-character-name '\u0631' cannot be represented in the current code page (1252)
C:\Users\ASUS\Desktop\الدرس الرابع\project4\project1\main.cpp(42,1): warning C4566: character represented by universal-character-name '\u0639' cannot be represented in the current code page (1252)
C:\Users\ASUS\Desktop\الدرس الرابع\project4\project1\main.cpp(42,1): warning C4566: character represented by universal-character-name '\u0644' cannot be represented in the current code page (1252)
C:\Users\ASUS\Desktop\الدرس الرابع\project4\project1\main.cpp(42,1): warning C4566: character represented by universal-character-name '\u0649' cannot be represented in the current code page (1252)
C:\Users\ASUS\Desktop\الدرس الرابع\project4\project1\main.cpp(42,1): warning C4566: character represented by universal-character-name '\u0627' cannot be represented in the current code page (1252)
C:\Users\ASUS\Desktop\الدرس الرابع\project4\project1\main.cpp(42,1): warning C4566: character represented by universal-character-name '\u0648' cannot be represented in the current code page (1252)
C:\Users\ASUS\Desktop\الدرس الرابع\project4\project1\main.cpp(42,1): warning C4566: character represented by universal-character-name '\u0646' cannot be represented in the current code page (1252)
C:\Users\ASUS\Desktop\الدرس الرابع\project4\project1\main.cpp(45,1): warning C4566: character represented by universal-character-name '\u0627' cannot be represented in the current code page (1252)
C:\Users\ASUS\Desktop\الدرس الرابع\project4\project1\main.cpp(45,1): warning C4566: character represented by universal-character-name '\u062E' cannot be represented in the current code page (1252)
C:\Users\ASUS\Desktop\الدرس الرابع\project4\project1\main.cpp(45,1): warning C4566: character represented by universal-character-name '\u062A' cannot be represented in the current code page (1252)
C:\Users\ASUS\Desktop\الدرس الرابع\project4\project1\main.cpp(45,1): warning C4566: character represented by universal-character-name '\u0641' cannot be represented in the current code page (1252)
C:\Users\ASUS\Desktop\الدرس الرابع\project4\project1\main.cpp(45,1): warning C4566: character represented by universal-character-name '\u0621' cannot be represented in the current code page (1252)
C:\Users\ASUS\Desktop\الدرس الرابع\project4\project1\main.cpp(45,1): warning C4566: character represented by universal-character-name '\u062F' cannot be represented in the current code page (1252)
C:\Users\ASUS\Desktop\الدرس الرابع\project4\project1\main.cpp(45,1): warning C4566: character represented by universal-character-name '\u0631' cannot be represented in the current code page (1252)
C:\Users\ASUS\Desktop\الدرس الرابع\project4\project1\main.cpp(45,1): warning C4566: character represented by universal-character-name '\u064A' cannot be represented in the current code page (1252)
C:\Users\ASUS\Desktop\الدرس الرابع\project4\project1\main.cpp(45,1): warning C4566: character represented by universal-character-name '\u062C' cannot be represented in the current code page (1252)
C:\Users\ASUS\Desktop\الدرس الرابع\project4\project1\main.cpp(56,1): warning C4566: character represented by universal-character-name '\u062F' cannot be represented in the current code page (1252)
C:\Users\ASUS\Desktop\الدرس الرابع\project4\project1\main.cpp(56,1): warning C4566: character represented by universal-character-name '\u0627' cannot be represented in the current code page (1252)
C:\Users\ASUS\Desktop\الدرس الرابع\project4\project1\main.cpp(56,1): warning C4566: character represented by universal-character-name '\u062E' cannot be represented in the current code page (1252)
C:\Users\ASUS\Desktop\الدرس الرابع\project4\project1\main.cpp(56,1): warning C4566: character represented by universal-character-name '\u0644' cannot be represented in the current code page (1252)
C:\Users\ASUS\Desktop\الدرس الرابع\project4\project1\main.cpp(56,1): warning C4566: character represented by universal-character-name '\u0633' cannot be represented in the current code page (1252)
C:\Users\ASUS\Desktop\الدرس الرابع\project4\project1\main.cpp(56,1): warning C4566: character represented by universal-character-name '\u0639' cannot be represented in the current code page (1252)
C:\Users\ASUS\Desktop\الدرس الرابع\project4\project1\main.cpp(56,1): warning C4566: character represented by universal-character-name '\u0629' cannot be represented in the current code page (1252)
C:\Users\ASUS\Desktop\الدرس الرابع\project4\project1\main.cpp(58,1): warning C4566: character represented by universal-character-name '\u062E' cannot be represented in the current code page (1252)
C:\Users\ASUS\Desktop\الدرس الرابع\project4\project1\main.cpp(58,1): warning C4566: character represented by universal-character-name '\u0644' cannot be represented in the current code page (1252)
C:\Users\ASUS\Desktop\الدرس الرابع\project4\project1\main.cpp(58,1): warning C4566: character represented by universal-character-name '\u0641' cannot be represented in the current code page (1252)
C:\Users\ASUS\Desktop\الدرس الرابع\project4\project1\main.cpp(58,1): warning C4566: character represented by universal-character-name '\u064A' cannot be represented in the current code page (1252)
C:\Users\ASUS\Desktop\الدرس الرابع\project4\project1\main.cpp(58,1): warning C4566: character represented by universal-character-name '\u0629' cannot be represented in the current code page (1252)
C:\Users\ASUS\Desktop\الدرس الرابع\project4\project1\main.cpp(58,1): warning C4566: character represented by universal-character-name '\u0632' cannot be represented in the current code page (1252)
C:\Users\ASUS\Desktop\الدرس الرابع\project4\project1\main.cpp(58,1): warning C4566: character represented by universal-character-name '\u0631' cannot be represented in the current code page (1252)
C:\Users\ASUS\Desktop\الدرس الرابع\project4\project1\main.cpp(58,1): warning C4566: character represented by universal-character-name '\u0642' cannot be represented in the current code page (1252)
C:\Users\ASUS\Desktop\الدرس الرابع\project4\project1\main.cpp(58,1): warning C4566: character represented by universal-character-name '\u0627' cannot be represented in the current code page (1252)
C:\Users\ASUS\Desktop\الدرس الرابع\project4\project1\main.cpp(58,1): warning C4566: character represented by universal-character-name '\u0621' cannot be represented in the current code page (1252)
C:\Users\ASUS\Desktop\الدرس الرابع\project4\project1\main.cpp(58,1): warning C4566: character represented by universal-character-name '\u063A' cannot be represented in the current code page (1252)
C:\Users\ASUS\Desktop\الدرس الرابع\project4\project1\main.cpp(58,1): warning C4566: character represented by universal-character-name '\u0645' cannot be represented in the current code page (1252)
C:\Users\ASUS\Desktop\الدرس الرابع\project4\project1\main.cpp(61,1): warning C4566: character represented by universal-character-name '\u062D' cannot be represented in the current code page (1252)
C:\Users\ASUS\Desktop\الدرس الرابع\project4\project1\main.cpp(61,1): warning C4566: character represented by universal-character-name '\u0633' cannot be represented in the current code page (1252)
C:\Users\ASUS\Desktop\الدرس الرابع\project4\project1\main.cpp(61,1): warning C4566: character represented by universal-character-name '\u0627' cannot be represented in the current code page (1252)
C:\Users\ASUS\Desktop\الدرس الرابع\project4\project1\main.cpp(61,1): warning C4566: character represented by universal-character-name '\u0628' cannot be represented in the current code page (1252)
C:\Users\ASUS\Desktop\الدرس الرابع\project4\project1\main.cpp(61,1): warning C4566: character represented by universal-character-name '\u0632' cannot be represented in the current code page (1252)
C:\Users\ASUS\Desktop\الدرس الرابع\project4\project1\main.cpp(61,1): warning C4566: character represented by universal-character-name '\u0648' cannot be represented in the current code page (1252)
C:\Users\ASUS\Desktop\الدرس الرابع\project4\project1\main.cpp(61,1): warning C4566: character represented by universal-character-name '\u064A' cannot be represented in the current code page (1252)
C:\Users\ASUS\Desktop\الدرس الرابع\project4\project1\main.cpp(61,1): warning C4566: character represented by universal-character-name '\u0644' cannot be represented in the current code page (1252)
C:\Users\ASUS\Desktop\الدرس الرابع\project4\project1\main.cpp(61,1): warning C4566: character represented by universal-character-name '\u0639' cannot be represented in the current code page (1252)
C:\Users\ASUS\Desktop\الدرس الرابع\project4\project1\main.cpp(61,1): warning C4566: character represented by universal-character-name '\u0642' cannot be represented in the current code page (1252)
C:\Users\ASUS\Desktop\الدرس الرابع\project4\project1\main.cpp(61,1): warning C4566: character represented by universal-character-name '\u0631' cannot be represented in the current code page (1252)
C:\Users\ASUS\Desktop\الدرس الرابع\project4\project1\main.cpp(61,1): warning C4566: character represented by universal-character-name '\u0645' cannot be represented in the current code page (1252)
C:\Users\ASUS\Desktop\الدرس الرابع\project4\project1\main.cpp(61,1): warning C4566: character represented by universal-character-name '\u0646' cannot be represented in the current code page (1252)
C:\Users\ASUS\Desktop\الدرس الرابع\project4\project1\main.cpp(61,1): warning C4566: character represented by universal-character-name '\u062A' cannot be represented in the current code page (1252)
C:\Users\ASUS\Desktop\الدرس الرابع\project4\project1\main.cpp(66,1): warning C4566: character represented by universal-character-name '\u062A' cannot be represented in the current code page (1252)
C:\Users\ASUS\Desktop\الدرس الرابع\project4\project1\main.cpp(66,1): warning C4566: character represented by universal-character-name '\u062D' cannot be represented in the current code page (1252)
C:\Users\ASUS\Desktop\الدرس الرابع\project4\project1\main.cpp(66,1): warning C4566: character represented by universal-character-name '\u0648' cannot be represented in the current code page (1252)
C:\Users\ASUS\Desktop\الدرس الرابع\project4\project1\main.cpp(66,1): warning C4566: character represented by universal-character-name '\u064A' cannot be represented in the current code page (1252)
C:\Users\ASUS\Desktop\الدرس الرابع\project4\project1\main.cpp(66,1): warning C4566: character represented by universal-character-name '\u0644' cannot be represented in the current code page (1252)
C:\Users\ASUS\Desktop\الدرس الرابع\project4\project1\main.cpp(66,1): warning C4566: character represented by universal-character-name '\u0625' cannot be represented in the current code page (1252)
C:\Users\ASUS\Desktop\الدرس الرابع\project4\project1\main.cpp(66,1): warning C4566: character represented by universal-character-name '\u0649' cannot be represented in the current code page (1252)
C:\Users\ASUS\Desktop\الدرس الرابع\project4\project1\main.cpp(66,1): warning C4566: character represented by universal-character-name '\u0632' cannot be represented in the current code page (1252)
C:\Users\ASUS\Desktop\الدرس الرابع\project4\project1\main.cpp(66,1): warning C4566: character represented by universal-character-name '\u0627' cannot be represented in the current code page (1252)
C:\Users\ASUS\Desktop\الدرس الرابع\project4\project1\main.cpp(66,1): warning C4566: character represented by universal-character-name '\u03C0' cannot be represented in the current code page (1252)
C:\Users\ASUS\Desktop\الدرس الرابع\project4\project1\main.cpp(66,1): warning C4566: character represented by universal-character-name '\u062F' cannot be represented in the current code page (1252)
C:\Users\ASUS\Desktop\الدرس الرابع\project4\project1\main.cpp(66,1): warning C4566: character represented by universal-character-name '\u0631' cannot be represented in the current code page (1252)
C:\Users\ASUS\Desktop\الدرس الرابع\project4\project1\main.cpp(66,1): warning C4566: character represented by universal-character-name '\u0629' cannot be represented in the current code page (1252)
C:\Users\ASUS\Desktop\الدرس الرابع\project4\project1\main.cpp(66,1): warning C4566: character represented by universal-character-name '\u0643' cannot be represented in the current code page (1252)
C:\Users\ASUS\Desktop\الدرس الرابع\project4\project1\main.cpp(66,1): warning C4566: character represented by universal-character-name '\u0645' cannot be represented in the current code page (1252)
C:\Users\ASUS\Desktop\الدرس الرابع\project4\project1\main.cpp(67,1): warning C4566: character represented by universal-character-name '\u062F' cannot be represented in the current code page (1252)
C:\Users\ASUS\Desktop\الدرس الرابع\project4\project1\main.cpp(67,1): warning C4566: character represented by universal-character-name '\u0648' cannot be represented in the current code page (1252)
C:\Users\ASUS\Desktop\الدرس الرابع\project4\project1\main.cpp(67,1): warning C4566: character represented by universal-character-name '\u0631' cannot be represented in the current code page (1252)
C:\Users\ASUS\Desktop\الدرس الرابع\project4\project1\main.cpp(67,1): warning C4566: character represented by universal-character-name '\u0629' cannot be represented in the current code page (1252)
C:\Users\ASUS\Desktop\الدرس الرابع\project4\project1\main.cpp(67,1): warning C4566: character represented by universal-character-name '\u0643' cannot be represented in the current code page (1252)
C:\Users\ASUS\Desktop\الدرس الرابع\project4\project1\main.cpp(67,1): warning C4566: character represented by universal-character-name '\u0644' cannot be represented in the current code page (1252)
C:\Users\ASUS\Desktop\الدرس الرابع\project4\project1\main.cpp(67,1): warning C4566: character represented by universal-character-name '\u062B' cannot be represented in the current code page (1252)
C:\Users\ASUS\Desktop\الدرس الرابع\project4\project1\main.cpp(67,1): warning C4566: character represented by universal-character-name '\u0627' cannot be represented in the current code page (1252)
C:\Users\ASUS\Desktop\الدرس الرابع\project4\project1\main.cpp(67,1): warning C4566: character represented by universal-character-name '\u0646' cannot be represented in the current code page (1252)
C:\Users\ASUS\Desktop\الدرس الرابع\project4\project1\main.cpp(67,1): warning C4566: character represented by universal-character-name '\u064A' cannot be represented in the current code page (1252)
C:\Users\ASUS\Desktop\الدرس الرابع\project4\project1\main.cpp(68,1): warning C4566: character represented by universal-character-name '\u062F' cannot be represented in the current code page (1252)
C:\Users\ASUS\Desktop\الدرس الرابع\project4\project1\main.cpp(68,1): warning C4566: character represented by universal-character-name '\u0648' cannot be represented in the current code page (1252)
C:\Users\ASUS\Desktop\الدرس الرابع\project4\project1\main.cpp(68,1): warning C4566: character represented by universal-character-name '\u0631' cannot be represented in the current code page (1252)
C:\Users\ASUS\Desktop\الدرس الرابع\project4\project1\main.cpp(68,1): warning C4566: character represented by universal-character-name '\u0629' cannot be represented in the current code page (1252)
C:\Users\ASUS\Desktop\الدرس الرابع\project4\project1\main.cpp(68,1): warning C4566: character represented by universal-character-name '\u0643' cannot be represented in the current code page (1252)
C:\Users\ASUS\Desktop\الدرس الرابع\project4\project1\main.cpp(68,1): warning C4566: character represented by universal-character-name '\u0644' cannot be represented in the current code page (1252)
C:\Users\ASUS\Desktop\الدرس الرابع\project4\project1\main.cpp(68,1): warning C4566: character represented by universal-character-name '\u0642' cannot be represented in the current code page (1252)
C:\Users\ASUS\Desktop\الدرس الرابع\project4\project1\main.cpp(68,1): warning C4566: character represented by universal-character-name '\u064A' cannot be represented in the current code page (1252)
C:\Users\ASUS\Desktop\الدرس الرابع\project4\project1\main.cpp(69,1): warning C4566: character represented by universal-character-name '\u062F' cannot be represented in the current code page (1252)
C:\Users\ASUS\Desktop\الدرس الرابع\project4\project1\main.cpp(69,1): warning C4566: character represented by universal-character-name '\u0648' cannot be represented in the current code page (1252)
C:\Users\ASUS\Desktop\الدرس الرابع\project4\project1\main.cpp(69,1): warning C4566: character represented by universal-character-name '\u0631' cannot be represented in the current code page (1252)
C:\Users\ASUS\Desktop\الدرس الرابع\project4\project1\main.cpp(69,1): warning C4566: character represented by universal-character-name '\u0629' cannot be represented in the current code page (1252)
C:\Users\ASUS\Desktop\الدرس الرابع\project4\project1\main.cpp(69,1): warning C4566: character represented by universal-character-name '\u0643' cannot be represented in the current code page (1252)
C:\Users\ASUS\Desktop\الدرس الرابع\project4\project1\main.cpp(69,1): warning C4566: character represented by universal-character-name '\u0644' cannot be represented in the current code page (1252)
C:\Users\ASUS\Desktop\الدرس الرابع\project4\project1\main.cpp(69,1): warning C4566: character represented by universal-character-name '\u0633' cannot be represented in the current code page (1252)
C:\Users\ASUS\Desktop\الدرس الرابع\project4\project1\main.cpp(69,1): warning C4566: character represented by universal-character-name '\u0627' cannot be represented in the current code page (1252)
C:\Users\ASUS\Desktop\الدرس الرابع\project4\project1\main.cpp(69,1): warning C4566: character represented by universal-character-name '\u0639' cannot be represented in the current code page (1252)
C:\Users\ASUS\Desktop\الدرس الرابع\project4\project1\main.cpp(71,1): warning C4566: character represented by universal-character-name '\u0631' cannot be represented in the current code page (1252)
C:\Users\ASUS\Desktop\الدرس الرابع\project4\project1\main.cpp(71,1): warning C4566: character represented by universal-character-name '\u0633' cannot be represented in the current code page (1252)
C:\Users\ASUS\Desktop\الدرس الرابع\project4\project1\main.cpp(71,1): warning C4566: character represented by universal-character-name '\u0645' cannot be represented in the current code page (1252)
C:\Users\ASUS\Desktop\الدرس الرابع\project4\project1\main.cpp(71,1): warning C4566: character represented by universal-character-name '\u0646' cannot be represented in the current code page (1252)
C:\Users\ASUS\Desktop\الدرس الرابع\project4\project1\main.cpp(71,1): warning C4566: character represented by universal-character-name '\u0642' cannot be represented in the current code page (1252)
C:\Users\ASUS\Desktop\الدرس الرابع\project4\project1\main.cpp(71,1): warning C4566: character represented by universal-character-name '\u0627' cannot be represented in the current code page (1252)
C:\Users\ASUS\Desktop\الدرس الرابع\project4\project1\main.cpp(71,1): warning C4566: character represented by universal-character-name '\u0637' cannot be represented in the current code page (1252)
C:\Users\ASUS\Desktop\الدرس الرابع\project4\project1\main.cpp(71,1): warning C4566: character represented by universal-character-name '\u0644' cannot be represented in the current code page (1252)
C:\Users\ASUS\Desktop\الدرس الرابع\project4\project1\main.cpp(71,1): warning C4566: character represented by universal-character-name '\u0639' cannot be represented in the current code page (1252)
C:\Users\ASUS\Desktop\الدرس الرابع\project4\project1\main.cpp(71,1): warning C4566: character represented by universal-character-name '\u062A' cannot be represented in the current code page (1252)
C:\Users\ASUS\Desktop\الدرس الرابع\project4\project1\main.cpp(71,1): warning C4566: character represented by universal-character-name '\u0629' cannot be represented in the current code page (1252)
C:\Users\ASUS\Desktop\الدرس الرابع\project4\project1\main.cpp(85,1): warning C4566: character represented by universal-character-name '\u0639' cannot be represented in the current code page (1252)
C:\Users\ASUS\Desktop\الدرس الرابع\project4\project1\main.cpp(85,1): warning C4566: character represented by universal-character-name '\u0642' cannot be represented in the current code page (1252)
C:\Users\ASUS\Desktop\الدرس الرابع\project4\project1\main.cpp(85,1): warning C4566: character represented by universal-character-name '\u0631' cannot be represented in the current code page (1252)
C:\Users\ASUS\Desktop\الدرس الرابع\project4\project1\main.cpp(85,1): warning C4566: character represented by universal-character-name '\u0628' cannot be represented in the current code page (1252)
C:\Users\ASUS\Desktop\الدرس الرابع\project4\project1\main.cpp(85,1): warning C4566: character represented by universal-character-name '\u0627' cannot be represented in the current code page (1252)
C:\Users\ASUS\Desktop\الدرس الرابع\project4\project1\main.cpp(85,1): warning C4566: character represented by universal-character-name '\u0644' cannot be represented in the current code page (1252)
C:\Users\ASUS\Desktop\الدرس الرابع\project4\project1\main.cpp(85,1): warning C4566: character represented by universal-character-name '\u062B' cannot be represented in the current code page (1252)
C:\Users\ASUS\Desktop\الدرس الرابع\project4\project1\main.cpp(85,1): warning C4566: character represented by universal-character-name '\u0648' cannot be represented in the current code page (1252)
C:\Users\ASUS\Desktop\الدرس الرابع\project4\project1\main.cpp(85,1): warning C4566: character represented by universal-character-name '\u0646' cannot be represented in the current code page (1252)
C:\Users\ASUS\Desktop\الدرس الرابع\project4\project1\main.cpp(85,1): warning C4566: character represented by universal-character-name '\u064A' cannot be represented in the current code page (1252)
C:\Users\ASUS\Desktop\الدرس الرابع\project4\project1\main.cpp(85,1): warning C4566: character represented by universal-character-name '\u0623' cannot be represented in the current code page (1252)
C:\Users\ASUS\Desktop\الدرس الرابع\project4\project1\main.cpp(85,1): warning C4566: character represented by universal-character-name '\u062D' cannot be represented in the current code page (1252)
C:\Users\ASUS\Desktop\الدرس الرابع\project4\project1\main.cpp(85,1): warning C4566: character represented by universal-character-name '\u0645' cannot be represented in the current code page (1252)
C:\Users\ASUS\Desktop\الدرس الرابع\project4\project1\main.cpp(85,1): warning C4566: character represented by universal-character-name '\u062A' cannot be represented in the current code page (1252)
C:\Users\ASUS\Desktop\الدرس الرابع\project4\project1\main.cpp(85,1): warning C4566: character represented by universal-character-name '\u0643' cannot be represented in the current code page (1252)
C:\Users\ASUS\Desktop\الدرس الرابع\project4\project1\main.cpp(85,1): warning C4566: character represented by universal-character-name '\u0626' cannot be represented in the current code page (1252)
C:\Users\ASUS\Desktop\الدرس الرابع\project4\project1\main.cpp(85,1): warning C4566: character represented by universal-character-name '\u064B' cannot be represented in the current code page (1252)
C:\Users\ASUS\Desktop\الدرس الرابع\project4\project1\main.cpp(101,1): warning C4566: character represented by universal-character-name '\u0639' cannot be represented in the current code page (1252)
C:\Users\ASUS\Desktop\الدرس الرابع\project4\project1\main.cpp(101,1): warning C4566: character represented by universal-character-name '\u0642' cannot be represented in the current code page (1252)
C:\Users\ASUS\Desktop\الدرس الرابع\project4\project1\main.cpp(101,1): warning C4566: character represented by universal-character-name '\u0631' cannot be represented in the current code page (1252)
C:\Users\ASUS\Desktop\الدرس الرابع\project4\project1\main.cpp(101,1): warning C4566: character represented by universal-character-name '\u0628' cannot be represented in the current code page (1252)
C:\Users\ASUS\Desktop\الدرس الرابع\project4\project1\main.cpp(101,1): warning C4566: character represented by universal-character-name '\u0627' cannot be represented in the current code page (1252)
C:\Users\ASUS\Desktop\الدرس الرابع\project4\project1\main.cpp(101,1): warning C4566: character represented by universal-character-name '\u0644' cannot be represented in the current code page (1252)
C:\Users\ASUS\Desktop\الدرس الرابع\project4\project1\main.cpp(101,1): warning C4566: character represented by universal-character-name '\u062F' cannot be represented in the current code page (1252)
C:\Users\ASUS\Desktop\الدرس الرابع\project4\project1\main.cpp(101,1): warning C4566: character represented by universal-character-name '\u0626' cannot be represented in the current code page (1252)
C:\Users\ASUS\Desktop\الدرس الرابع\project4\project1\main.cpp(101,1): warning C4566: character represented by universal-character-name '\u0623' cannot be represented in the current code page (1252)
C:\Users\ASUS\Desktop\الدرس الرابع\project4\project1\main.cpp(101,1): warning C4566: character represented by universal-character-name '\u0632' cannot be represented in the current code page (1252)
C:\Users\ASUS\Desktop\الدرس الرابع\project4\project1\main.cpp(101,1): warning C4566: character represented by universal-character-name '\u064A' cannot be represented in the current code page (1252)
C:\Users\ASUS\Desktop\الدرس الرابع\project4\project1\main.cpp(101,1): warning C4566: character represented by universal-character-name '\u062A' cannot be represented in the current code page (1252)
C:\Users\ASUS\Desktop\الدرس الرابع\project4\project1\main.cpp(101,1): warning C4566: character represented by universal-character-name '\u062D' cannot be represented in the current code page (1252)
C:\Users\ASUS\Desktop\الدرس الرابع\project4\project1\main.cpp(101,1): warning C4566: character represented by universal-character-name '\u0643' cannot be represented in the current code page (1252)
C:\Users\ASUS\Desktop\الدرس الرابع\project4\project1\main.cpp(101,1): warning C4566: character represented by universal-character-name '\u064B' cannot be represented in the current code page (1252)
C:\Users\ASUS\Desktop\الدرس الرابع\project4\project1\main.cpp(117,1): warning C4566: character represented by universal-character-name '\u0639' cannot be represented in the current code page (1252)
C:\Users\ASUS\Desktop\الدرس الرابع\project4\project1\main.cpp(117,1): warning C4566: character represented by universal-character-name '\u0642' cannot be represented in the current code page (1252)
C:\Users\ASUS\Desktop\الدرس الرابع\project4\project1\main.cpp(117,1): warning C4566: character represented by universal-character-name '\u0631' cannot be represented in the current code page (1252)
C:\Users\ASUS\Desktop\الدرس الرابع\project4\project1\main.cpp(117,1): warning C4566: character represented by universal-character-name '\u0628' cannot be represented in the current code page (1252)
C:\Users\ASUS\Desktop\الدرس الرابع\project4\project1\main.cpp(117,1): warning C4566: character represented by universal-character-name '\u0627' cannot be represented in the current code page (1252)
C:\Users\ASUS\Desktop\الدرس الرابع\project4\project1\main.cpp(117,1): warning C4566: character represented by universal-character-name '\u0644' cannot be represented in the current code page (1252)
C:\Users\ASUS\Desktop\الدرس الرابع\project4\project1\main.cpp(117,1): warning C4566: character represented by universal-character-name '\u0633' cannot be represented in the current code page (1252)
C:\Users\ASUS\Desktop\الدرس الرابع\project4\project1\main.cpp(117,1): warning C4566: character represented by universal-character-name '\u062A' cannot be represented in the current code page (1252)
C:\Users\ASUS\Desktop\الدرس الرابع\project4\project1\main.cpp(117,1): warning C4566: character represented by universal-character-name '\u0623' cannot be represented in the current code page (1252)
C:\Users\ASUS\Desktop\الدرس الرابع\project4\project1\main.cpp(117,1): warning C4566: character represented by universal-character-name '\u062E' cannot be represented in the current code page (1252)
C:\Users\ASUS\Desktop\الدرس الرابع\project4\project1\main.cpp(117,1): warning C4566: character represented by universal-character-name '\u0636' cannot be represented in the current code page (1252)
C:\Users\ASUS\Desktop\الدرس الرابع\project4\project1\main.cpp(117,1): warning C4566: character represented by universal-character-name '\u064A' cannot be represented in the current code page (1252)
C:\Users\ASUS\Desktop\الدرس الرابع\project4\project1\main.cpp(117,1): warning C4566: character represented by universal-character-name '\u062D' cannot be represented in the current code page (1252)
C:\Users\ASUS\Desktop\الدرس الرابع\project4\project1\main.cpp(117,1): warning C4566: character represented by universal-character-name '\u0643' cannot be represented in the current code page (1252)
C:\Users\ASUS\Desktop\الدرس الرابع\project4\project1\main.cpp(117,1): warning C4566: character represented by universal-character-name '\u0626' cannot be represented in the current code page (1252)
C:\Users\ASUS\Desktop\الدرس الرابع\project4\project1\main.cpp(117,1): warning C4566: character represented by universal-character-name '\u064B' cannot be represented in the current code page (1252)
C:\Users\ASUS\Desktop\الدرس الرابع\project4\project1\main.cpp(133,1): warning C4566: character represented by universal-character-name '\u0646' cannot be represented in the current code page (1252)
C:\Users\ASUS\Desktop\الدرس الرابع\project4\project1\main.cpp(133,1): warning C4566: character represented by universal-character-name '\u0642' cannot be represented in the current code page (1252)
C:\Users\ASUS\Desktop\الدرس الرابع\project4\project1\main.cpp(133,1): warning C4566: character represented by universal-character-name '\u0637' cannot be represented in the current code page (1252)
C:\Users\ASUS\Desktop\الدرس الرابع\project4\project1\main.cpp(133,1): warning C4566: character represented by universal-character-name '\u0629' cannot be represented in the current code page (1252)
C:\Users\ASUS\Desktop\الدرس الرابع\project4\project1\main.cpp(133,1): warning C4566: character represented by universal-character-name '\u0627' cannot be represented in the current code page (1252)
C:\Users\ASUS\Desktop\الدرس الرابع\project4\project1\main.cpp(133,1): warning C4566: character represented by universal-character-name '\u0644' cannot be represented in the current code page (1252)
C:\Users\ASUS\Desktop\الدرس الرابع\project4\project1\main.cpp(133,1): warning C4566: character represented by universal-character-name '\u0645' cannot be represented in the current code page (1252)
C:\Users\ASUS\Desktop\الدرس الرابع\project4\project1\main.cpp(133,1): warning C4566: character represented by universal-character-name '\u062A' cannot be represented in the current code page (1252)
C:\Users\ASUS\Desktop\الدرس الرابع\project4\project1\main.cpp(133,1): warning C4566: character represented by universal-character-name '\u0635' cannot be represented in the current code page (1252)
C:\Users\ASUS\Desktop\الدرس الرابع\project4\project1\main.cpp(133,1): warning C4566: character represented by universal-character-name '\u0641' cannot be represented in the current code page (1252)
C:\Users\ASUS\Desktop\الدرس الرابع\project4\project1\main.cpp(163,58): warning C4566: character represented by universal-character-name '\u0627' cannot be represented in the current code page (1252)
C:\Users\ASUS\Desktop\الدرس الرابع\project4\project1\main.cpp(163,58): warning C4566: character represented by universal-character-name '\u0644' cannot be represented in the current code page (1252)
C:\Users\ASUS\Desktop\الدرس الرابع\project4\project1\main.cpp(163,58): warning C4566: character represented by universal-character-name '\u0633' cannot be represented in the current code page (1252)
C:\Users\ASUS\Desktop\الدرس الرابع\project4\project1\main.cpp(163,58): warning C4566: character represented by universal-character-name '\u0639' cannot be represented in the current code page (1252)
C:\Users\ASUS\Desktop\الدرس الرابع\project4\project1\main.cpp(163,58): warning C4566: character represented by universal-character-name '\u0629' cannot be represented in the current code page (1252)
C:\Users\ASUS\Desktop\الدرس الرابع\project4\project1\main.cpp(163,58): warning C4566: character represented by universal-character-name '\u062A' cannot be represented in the current code page (1252)
C:\Users\ASUS\Desktop\الدرس الرابع\project4\project1\main.cpp(163,58): warning C4566: character represented by universal-character-name '\u0642' cannot be represented in the current code page (1252)
C:\Users\ASUS\Desktop\الدرس الرابع\project4\project1\main.cpp(163,58): warning C4566: character represented by universal-character-name '\u0626' cannot be represented in the current code page (1252)
C:\Users\ASUS\Desktop\الدرس الرابع\project4\project1\main.cpp(163,58): warning C4566: character represented by universal-character-name '\u064A' cannot be represented in the current code page (1252)
C:\Users\ASUS\Desktop\الدرس الرابع\project4\project1\main.cpp(260,20): warning C4244: 'initializing': conversion from 'double' to 'float', possible loss of data
  project1.vcxproj -> C:\Users\ASUS\Desktop\الدرس الرابع\project4\x64\Debug\project1.exe
  'pwsh.exe' is not recognized as an internal or external command,
  operable program or batch file.
